{ dotenv: { config: [Function: config], parse: [Function: parse] } }
node:fs:594
  handleErrorFromBinding(ctx);
  ^

Error: ENOENT: no such file or directory, open '/Users/jarettdunn/notjaregm.json'
    at Object.openSync (node:fs:594:3)
    at Object.readFileSync (node:fs:462:35)
    at file:///workspace/notarb/jupjup.mjs:79:54
    at ModuleJob.run (node:internal/modules/esm/module_job:193:25)
    at async Promise.all (index 0)
    at async ESMLoader.import (node:internal/modules/esm/loader:533:24)
    at async loadESM (node:internal/process/esm_loader:91:5)
    at async handleMainPromise (node:internal/modules/run_main:65:12) {
  errno: -2,
  syscall: 'open',
  code: 'ENOENT',
  path: '/Users/jarettdunn/notjaregm.json'
}
{ dotenv: { config: [Function: config], parse: [Function: parse] } }
node:fs:594
  handleErrorFromBinding(ctx);
  ^

Error: ENOENT: no such file or directory, open '/Users/jarettdunn/notjaregm.json'
    at Object.openSync (node:fs:594:3)
    at Object.readFileSync (node:fs:462:35)
    at file:///workspace/notarb/jupjup.mjs:79:54
    at ModuleJob.run (node:internal/modules/esm/module_job:193:25)
    at async Promise.all (index 0)
    at async ESMLoader.import (node:internal/modules/esm/loader:533:24)
    at async loadESM (node:internal/process/esm_loader:91:5)
    at async handleMainPromise (node:internal/modules/run_main:65:12) {
  errno: -2,
  syscall: 'open',
  code: 'ENOENT',
  path: '/Users/jarettdunn/notjaregm.json'
}
{ dotenv: { config: [Function: config], parse: [Function: parse] } }
{ dotenv: { config: [Function: config], parse: [Function: parse] } }
node:fs:594
  handleErrorFromBinding(ctx);
  ^

Error: ENOENT: no such file or directory, open '/Users/jarettdunn/notjaregm.json'
    at Object.openSync (node:fs:594:3)
    at Object.readFileSync (node:fs:462:35)
    at file:///workspace/notarb/jupjup.mjs:79:54
    at ModuleJob.run (node:internal/modules/esm/module_job:193:25)
    at async Promise.all (index 0)
    at async ESMLoader.import (node:internal/modules/esm/loader:533:24)
    at async loadESM (node:internal/process/esm_loader:91:5)
    at async handleMainPromise (node:internal/modules/run_main:65:12) {
  errno: -2,
  syscall: 'open',
  code: 'ENOENT',
  path: '/Users/jarettdunn/notjaregm.json'
}
node:fs:594
  handleErrorFromBinding(ctx);
  ^

Error: ENOENT: no such file or directory, open '/Users/jarettdunn/notjaregm.json'
    at Object.openSync (node:fs:594:3)
    at Object.readFileSync (node:fs:462:35)
    at file:///workspace/notarb/jupjup.mjs:79:54
    at ModuleJob.run (node:internal/modules/esm/module_job:193:25)
    at async Promise.all (index 0)
    at async ESMLoader.import (node:internal/modules/esm/loader:533:24)
    at async loadESM (node:internal/process/esm_loader:91:5)
    at async handleMainPromise (node:internal/modules/run_main:65:12) {
  errno: -2,
  syscall: 'open',
  code: 'ENOENT',
  path: '/Users/jarettdunn/notjaregm.json'
}
{ dotenv: { config: [Function: config], parse: [Function: parse] } }
node:fs:594
  handleErrorFromBinding(ctx);
  ^

Error: ENOENT: no such file or directory, open '/Users/jarettdunn/notjaregm.json'
    at Object.openSync (node:fs:594:3)
    at Object.readFileSync (node:fs:462:35)
    at file:///workspace/notarb/jupjup.mjs:79:54
    at ModuleJob.run (node:internal/modules/esm/module_job:193:25)
    at async Promise.all (index 0)
    at async ESMLoader.import (node:internal/modules/esm/loader:533:24)
    at async loadESM (node:internal/process/esm_loader:91:5)
    at async handleMainPromise (node:internal/modules/run_main:65:12) {
  errno: -2,
  syscall: 'open',
  code: 'ENOENT',
  path: '/Users/jarettdunn/notjaregm.json'
}
{ dotenv: { config: [Function: config], parse: [Function: parse] } }
node:fs:594
  handleErrorFromBinding(ctx);
  ^

Error: ENOENT: no such file or directory, open '/Users/jarettdunn/notjaregm.json'
    at Object.openSync (node:fs:594:3)
    at Object.readFileSync (node:fs:462:35)
    at file:///workspace/notarb/jupjup.mjs:79:54
    at ModuleJob.run (node:internal/modules/esm/module_job:193:25)
    at async Promise.all (index 0)
    at async ESMLoader.import (node:internal/modules/esm/loader:533:24)
    at async loadESM (node:internal/process/esm_loader:91:5)
    at async handleMainPromise (node:internal/modules/run_main:65:12) {
  errno: -2,
  syscall: 'open',
  code: 'ENOENT',
  path: '/Users/jarettdunn/notjaregm.json'
}
{ dotenv: { config: [Function: config], parse: [Function: parse] } }
node:fs:594
  handleErrorFromBinding(ctx);
  ^

Error: ENOENT: no such file or directory, open '/Users/jarettdunn/notjaregm.json'
    at Object.openSync (node:fs:594:3)
    at Object.readFileSync (node:fs:462:35)
    at file:///workspace/notarb/jupjup.mjs:79:54
    at ModuleJob.run (node:internal/modules/esm/module_job:193:25)
    at async Promise.all (index 0)
    at async ESMLoader.import (node:internal/modules/esm/loader:533:24)
    at async loadESM (node:internal/process/esm_loader:91:5)
    at async handleMainPromise (node:internal/modules/run_main:65:12) {
  errno: -2,
  syscall: 'open',
  code: 'ENOENT',
  path: '/Users/jarettdunn/notjaregm.json'
}
{ dotenv: { config: [Function: config], parse: [Function: parse] } }
{ dotenv: { config: [Function: config], parse: [Function: parse] } }
node:fs:594
  handleErrorFromBinding(ctx);
  ^

Error: ENOENT: no such file or directory, open '/Users/jarettdunn/notjaregm.json'
    at Object.openSync (node:fs:594:3)
    at Object.readFileSync (node:fs:462:35)
    at file:///workspace/notarb/jupjup.mjs:79:54
    at ModuleJob.run (node:internal/modules/esm/module_job:193:25)
    at async Promise.all (index 0)
    at async ESMLoader.import (node:internal/modules/esm/loader:533:24)
    at async loadESM (node:internal/process/esm_loader:91:5)
    at async handleMainPromise (node:internal/modules/run_main:65:12) {
  errno: -2,
  syscall: 'open',
  code: 'ENOENT',
  path: '/Users/jarettdunn/notjaregm.json'
}
{ dotenv: { config: [Function: config], parse: [Function: parse] } }
node:fs:594
  handleErrorFromBinding(ctx);
  ^

Error: ENOENT: no such file or directory, open '/Users/jarettdunn/notjaregm.json'
    at Object.openSync (node:fs:594:3)
    at Object.readFileSync (node:fs:462:35)
    at file:///workspace/notarb/jupjup.mjs:79:54
    at ModuleJob.run (node:internal/modules/esm/module_job:193:25)
    at async Promise.all (index 0)
    at async ESMLoader.import (node:internal/modules/esm/loader:533:24)
    at async loadESM (node:internal/process/esm_loader:91:5)
    at async handleMainPromise (node:internal/modules/run_main:65:12) {
  errno: -2,
  syscall: 'open',
  code: 'ENOENT',
  path: '/Users/jarettdunn/notjaregm.json'
}
node:fs:594
  handleErrorFromBinding(ctx);
  ^

Error: ENOENT: no such file or directory, open '/Users/jarettdunn/notjaregm.json'
    at Object.openSync (node:fs:594:3)
    at Object.readFileSync (node:fs:462:35)
    at file:///workspace/notarb/jupjup.mjs:79:54
    at ModuleJob.run (node:internal/modules/esm/module_job:193:25)
    at async Promise.all (index 0)
    at async ESMLoader.import (node:internal/modules/esm/loader:533:24)
    at async loadESM (node:internal/process/esm_loader:91:5)
    at async handleMainPromise (node:internal/modules/run_main:65:12) {
  errno: -2,
  syscall: 'open',
  code: 'ENOENT',
  path: '/Users/jarettdunn/notjaregm.json'
}
{ dotenv: { config: [Function: config], parse: [Function: parse] } }
{ dotenv: { config: [Function: config], parse: [Function: parse] } }
node:fs:594
  handleErrorFromBinding(ctx);
  ^

Error: ENOENT: no such file or directory, open '/Users/jarettdunn/notjaregm.json'
    at Object.openSync (node:fs:594:3)
    at Object.readFileSync (node:fs:462:35)
    at file:///workspace/notarb/jupjup.mjs:79:54
    at ModuleJob.run (node:internal/modules/esm/module_job:193:25)
    at async Promise.all (index 0)
    at async ESMLoader.import (node:internal/modules/esm/loader:533:24)
    at async loadESM (node:internal/process/esm_loader:91:5)
    at async handleMainPromise (node:internal/modules/run_main:65:12) {
  errno: -2,
  syscall: 'open',
  code: 'ENOENT',
  path: '/Users/jarettdunn/notjaregm.json'
}
node:fs:594
  handleErrorFromBinding(ctx);
  ^

Error: ENOENT: no such file or directory, open '/Users/jarettdunn/notjaregm.json'
    at Object.openSync (node:fs:594:3)
    at Object.readFileSync (node:fs:462:35)
    at file:///workspace/notarb/jupjup.mjs:79:54
    at ModuleJob.run (node:internal/modules/esm/module_job:193:25)
    at async Promise.all (index 0)
    at async ESMLoader.import (node:internal/modules/esm/loader:533:24)
    at async loadESM (node:internal/process/esm_loader:91:5)
    at async handleMainPromise (node:internal/modules/run_main:65:12) {
  errno: -2,
  syscall: 'open',
  code: 'ENOENT',
  path: '/Users/jarettdunn/notjaregm.json'
}
{ dotenv: { config: [Function: config], parse: [Function: parse] } }
{ dotenv: { config: [Function: config], parse: [Function: parse] } }
node:fs:594
  handleErrorFromBinding(ctx);
  ^

Error: ENOENT: no such file or directory, open '/Users/jarettdunn/notjaregm.json'
    at Object.openSync (node:fs:594:3)
    at Object.readFileSync (node:fs:462:35)
    at file:///workspace/notarb/jupjup.mjs:79:54
    at ModuleJob.run (node:internal/modules/esm/module_job:193:25)
    at async Promise.all (index 0)
    at async ESMLoader.import (node:internal/modules/esm/loader:533:24)
    at async loadESM (node:internal/process/esm_loader:91:5)
    at async handleMainPromise (node:internal/modules/run_main:65:12) {
  errno: -2,
  syscall: 'open',
  code: 'ENOENT',
  path: '/Users/jarettdunn/notjaregm.json'
}
node:fs:594
  handleErrorFromBinding(ctx);
  ^

Error: ENOENT: no such file or directory, open '/Users/jarettdunn/notjaregm.json'
    at Object.openSync (node:fs:594:3)
    at Object.readFileSync (node:fs:462:35)
    at file:///workspace/notarb/jupjup.mjs:79:54
    at ModuleJob.run (node:internal/modules/esm/module_job:193:25)
    at async Promise.all (index 0)
    at async ESMLoader.import (node:internal/modules/esm/loader:533:24)
    at async loadESM (node:internal/process/esm_loader:91:5)
    at async handleMainPromise (node:internal/modules/run_main:65:12) {
  errno: -2,
  syscall: 'open',
  code: 'ENOENT',
  path: '/Users/jarettdunn/notjaregm.json'
}
{ dotenv: { config: [Function: config], parse: [Function: parse] } }
node:fs:594
  handleErrorFromBinding(ctx);
  ^

Error: ENOENT: no such file or directory, open '/Users/jarettdunn/notjaregm.json'
    at Object.openSync (node:fs:594:3)
    at Object.readFileSync (node:fs:462:35)
    at file:///workspace/notarb/jupjup.mjs:79:54
    at ModuleJob.run (node:internal/modules/esm/module_job:193:25)
    at async Promise.all (index 0)
    at async ESMLoader.import (node:internal/modules/esm/loader:533:24)
    at async loadESM (node:internal/process/esm_loader:91:5)
    at async handleMainPromise (node:internal/modules/run_main:65:12) {
  errno: -2,
  syscall: 'open',
  code: 'ENOENT',
  path: '/Users/jarettdunn/notjaregm.json'
}
{ dotenv: { config: [Function: config], parse: [Function: parse] } }
node:fs:594
  handleErrorFromBinding(ctx);
  ^

Error: ENOENT: no such file or directory, open '/Users/jarettdunn/notjaregm.json'
    at Object.openSync (node:fs:594:3)
    at Object.readFileSync (node:fs:462:35)
    at file:///workspace/notarb/jupjup.mjs:79:54
    at ModuleJob.run (node:internal/modules/esm/module_job:193:25)
    at async Promise.all (index 0)
    at async ESMLoader.import (node:internal/modules/esm/loader:533:24)
    at async loadESM (node:internal/process/esm_loader:91:5)
    at async handleMainPromise (node:internal/modules/run_main:65:12) {
  errno: -2,
  syscall: 'open',
  code: 'ENOENT',
  path: '/Users/jarettdunn/notjaregm.json'
}
{ dotenv: { config: [Function: config], parse: [Function: parse] } }
node:fs:594
  handleErrorFromBinding(ctx);
  ^

Error: ENOENT: no such file or directory, open '/Users/jarettdunn/notjaregm.json'
    at Object.openSync (node:fs:594:3)
    at Object.readFileSync (node:fs:462:35)
    at file:///workspace/notarb/jupjup.mjs:79:54
    at ModuleJob.run (node:internal/modules/esm/module_job:193:25)
    at async Promise.all (index 0)
    at async ESMLoader.import (node:internal/modules/esm/loader:533:24)
    at async loadESM (node:internal/process/esm_loader:91:5)
    at async handleMainPromise (node:internal/modules/run_main:65:12) {
  errno: -2,
  syscall: 'open',
  code: 'ENOENT',
  path: '/Users/jarettdunn/notjaregm.json'
}
{ dotenv: { config: [Function: config], parse: [Function: parse] } }
node:fs:594
  handleErrorFromBinding(ctx);
  ^

Error: ENOENT: no such file or directory, open '/Users/jarettdunn/notjaregm.json'
    at Object.openSync (node:fs:594:3)
    at Object.readFileSync (node:fs:462:35)
    at file:///workspace/notarb/jupjup.mjs:79:54
    at ModuleJob.run (node:internal/modules/esm/module_job:193:25)
    at async Promise.all (index 0)
    at async ESMLoader.import (node:internal/modules/esm/loader:533:24)
    at async loadESM (node:internal/process/esm_loader:91:5)
    at async handleMainPromise (node:internal/modules/run_main:65:12) {
  errno: -2,
  syscall: 'open',
  code: 'ENOENT',
  path: '/Users/jarettdunn/notjaregm.json'
}
{ dotenv: { config: [Function: config], parse: [Function: parse] } }
node:fs:594
  handleErrorFromBinding(ctx);
  ^

Error: ENOENT: no such file or directory, open '/Users/jarettdunn/notjaregm.json'
    at Object.openSync (node:fs:594:3)
    at Object.readFileSync (node:fs:462:35)
    at file:///workspace/notarb/jupjup.mjs:79:54
    at ModuleJob.run (node:internal/modules/esm/module_job:193:25)
    at async Promise.all (index 0)
    at async ESMLoader.import (node:internal/modules/esm/loader:533:24)
    at async loadESM (node:internal/process/esm_loader:91:5)
    at async handleMainPromise (node:internal/modules/run_main:65:12) {
  errno: -2,
  syscall: 'open',
  code: 'ENOENT',
  path: '/Users/jarettdunn/notjaregm.json'
}
{ dotenv: { config: [Function: config], parse: [Function: parse] } }
node:fs:594
  handleErrorFromBinding(ctx);
  ^

Error: ENOENT: no such file or directory, open '/Users/jarettdunn/notjaregm.json'
    at Object.openSync (node:fs:594:3)
    at Object.readFileSync (node:fs:462:35)
    at file:///workspace/notarb/jupjup.mjs:79:54
    at ModuleJob.run (node:internal/modules/esm/module_job:193:25)
    at async Promise.all (index 0)
    at async ESMLoader.import (node:internal/modules/esm/loader:533:24)
    at async loadESM (node:internal/process/esm_loader:91:5)
    at async handleMainPromise (node:internal/modules/run_main:65:12) {
  errno: -2,
  syscall: 'open',
  code: 'ENOENT',
  path: '/Users/jarettdunn/notjaregm.json'
}
{ dotenv: { config: [Function: config], parse: [Function: parse] } }
node:fs:594
  handleErrorFromBinding(ctx);
  ^

Error: ENOENT: no such file or directory, open '/Users/jarettdunn/notjaregm.json'
    at Object.openSync (node:fs:594:3)
    at Object.readFileSync (node:fs:462:35)
    at file:///workspace/notarb/jupjup.mjs:79:54
    at ModuleJob.run (node:internal/modules/esm/module_job:193:25)
    at async Promise.all (index 0)
    at async ESMLoader.import (node:internal/modules/esm/loader:533:24)
    at async loadESM (node:internal/process/esm_loader:91:5)
    at async handleMainPromise (node:internal/modules/run_main:65:12) {
  errno: -2,
  syscall: 'open',
  code: 'ENOENT',
  path: '/Users/jarettdunn/notjaregm.json'
}
{ dotenv: { config: [Function: config], parse: [Function: parse] } }
node:fs:594
  handleErrorFromBinding(ctx);
  ^

Error: ENOENT: no such file or directory, open '/Users/jarettdunn/notjaregm.json'
    at Object.openSync (node:fs:594:3)
    at Object.readFileSync (node:fs:462:35)
    at file:///workspace/notarb/jupjup.mjs:79:54
    at ModuleJob.run (node:internal/modules/esm/module_job:193:25)
    at async Promise.all (index 0)
    at async ESMLoader.import (node:internal/modules/esm/loader:533:24)
    at async loadESM (node:internal/process/esm_loader:91:5)
    at async handleMainPromise (node:internal/modules/run_main:65:12) {
  errno: -2,
  syscall: 'open',
  code: 'ENOENT',
  path: '/Users/jarettdunn/notjaregm.json'
}
{ dotenv: { config: [Function: config], parse: [Function: parse] } }
node:fs:594
  handleErrorFromBinding(ctx);
  ^

Error: ENOENT: no such file or directory, open '/Users/jarettdunn/notjaregm.json'
    at Object.openSync (node:fs:594:3)
    at Object.readFileSync (node:fs:462:35)
    at file:///workspace/notarb/jupjup.mjs:79:54
    at ModuleJob.run (node:internal/modules/esm/module_job:193:25)
    at async Promise.all (index 0)
    at async ESMLoader.import (node:internal/modules/esm/loader:533:24)
    at async loadESM (node:internal/process/esm_loader:91:5)
    at async handleMainPromise (node:internal/modules/run_main:65:12) {
  errno: -2,
  syscall: 'open',
  code: 'ENOENT',
  path: '/Users/jarettdunn/notjaregm.json'
}
{ dotenv: { config: [Function: config], parse: [Function: parse] } }
node:fs:594
  handleErrorFromBinding(ctx);
  ^

Error: ENOENT: no such file or directory, open '/Users/jarettdunn/notjaregm.json'
    at Object.openSync (node:fs:594:3)
    at Object.readFileSync (node:fs:462:35)
    at file:///workspace/notarb/jupjup.mjs:79:54
    at ModuleJob.run (node:internal/modules/esm/module_job:193:25)
    at async Promise.all (index 0)
    at async ESMLoader.import (node:internal/modules/esm/loader:533:24)
    at async loadESM (node:internal/process/esm_loader:91:5)
    at async handleMainPromise (node:internal/modules/run_main:65:12) {
  errno: -2,
  syscall: 'open',
  code: 'ENOENT',
  path: '/Users/jarettdunn/notjaregm.json'
}
{ dotenv: { config: [Function: config], parse: [Function: parse] } }
{ dotenv: { config: [Function: config], parse: [Function: parse] } }
{ dotenv: { config: [Function: config], parse: [Function: parse] } }
{ dotenv: { config: [Function: config], parse: [Function: parse] } }
{ dotenv: { config: [Function: config], parse: [Function: parse] } }
{ dotenv: { config: [Function: config], parse: [Function: parse] } }
{ dotenv: { config: [Function: config], parse: [Function: parse] } }
85



85



85



85



85



{ dotenv: { config: [Function: config], parse: [Function: parse] } }
{ dotenv: { config: [Function: config], parse: [Function: parse] } }
85
{ dotenv: { config: [Function: config], parse: [Function: parse] } }



85



{ dotenv: { config: [Function: config], parse: [Function: parse] } }
{ dotenv: { config: [Function: config], parse: [Function: parse] } }
{ dotenv: { config: [Function: config], parse: [Function: parse] } }
{ dotenv: { config: [Function: config], parse: [Function: parse] } }
85



85



{ dotenv: { config: [Function: config], parse: [Function: parse] } }
{ dotenv: { config: [Function: config], parse: [Function: parse] } }
{ dotenv: { config: [Function: config], parse: [Function: parse] } }
85



{ dotenv: { config: [Function: config], parse: [Function: parse] } }
85



{ dotenv: { config: [Function: config], parse: [Function: parse] } }
{ dotenv: { config: [Function: config], parse: [Function: parse] } }
85



85



85



85
85
85









{ dotenv: { config: [Function: config], parse: [Function: parse] } }
85



{ dotenv: { config: [Function: config], parse: [Function: parse] } }
85



{ dotenv: { config: [Function: config], parse: [Function: parse] } }
85



85



{ dotenv: { config: [Function: config], parse: [Function: parse] } }
85



85



85



0.263933 initial, 0.6380407148784073% yield on badboi EPjFWdd5AufqSSqeM2qN1xzybapC8G4wEGGkZwyTDt1v <-> EPjFWdd5AufqSSqeM2qN1xzybapC8G4wEGGkZwyTDt1v, time since last arb checked: 2.75600004196167s, avg last 60 diffs: 2.75600004196167, lendiffs: 1, lenbaddies: 62
EPjFWdd5AufqSSqeM2qN1xzybapC8G4wEGGkZwyTDt1v <-> EPjFWdd5AufqSSqeM2qN1xzybapC8G4wEGGkZwyTDt1v@ 0.263933: 0.638%
TransactionInstruction {
  keys: [
    { pubkey: [PublicKey], isSigner: false, isWritable: true },
    { pubkey: [PublicKey], isSigner: false, isWritable: true },
    { pubkey: [PublicKey], isSigner: false, isWritable: true },
    { pubkey: [PublicKey], isSigner: false, isWritable: false },
    { pubkey: [PublicKey], isSigner: false, isWritable: false },
    { pubkey: [PublicKey], isSigner: false, isWritable: false },
    { pubkey: [PublicKey], isSigner: false, isWritable: false }
  ],
  programId: PublicKey {
    _bn: <BN: 69b8b985aab532a45090de8557fcddcbe6cb7efc73a0a65b06f92035db73eec>
  },
  data: <Buffer 13 fd 06 04 00 00 00 00 00>
} TransactionInstruction {
  keys: [
    { pubkey: [PublicKey], isSigner: true, isWritable: true },
    { pubkey: [PublicKey], isSigner: false, isWritable: true },
    { pubkey: [PublicKey], isSigner: true, isWritable: true },
    { pubkey: [PublicKey], isSigner: false, isWritable: false },
    { pubkey: [PublicKey], isSigner: false, isWritable: false },
    { pubkey: [PublicKey], isSigner: false, isWritable: false }
  ],
  programId: PublicKey {
    _bn: <BN: 8c97258f4e2489f1bb3d1029148e0d830b5a1399daff1084048e7bd8dbe9f859>
  },
  data: <Buffer >
} TransactionInstruction {
  keys: [
    { pubkey: [PublicKey], isSigner: false, isWritable: true },
    { pubkey: [PublicKey], isSigner: false, isWritable: true }
  ],
  programId: PublicKey {
    _bn: <BN: 479d51fa9cd4af6f7ab0ab06e482dc64c328daa59272abe2f4e9882575e0e78>
  },
  data: <Buffer e4 55 b9 70 4e 4f 4d 02>
} TransactionInstruction {
  keys: [
    { pubkey: [PublicKey], isSigner: false, isWritable: false },
    { pubkey: [PublicKey], isSigner: false, isWritable: false },
    { pubkey: [PublicKey], isSigner: false, isWritable: false },
    { pubkey: [PublicKey], isSigner: false, isWritable: false },
    { pubkey: [PublicKey], isSigner: true, isWritable: true },
    { pubkey: [PublicKey], isSigner: false, isWritable: true },
    { pubkey: [PublicKey], isSigner: false, isWritable: true },
    { pubkey: [PublicKey], isSigner: false, isWritable: true },
    { pubkey: [PublicKey], isSigner: false, isWritable: true },
    { pubkey: [PublicKey], isSigner: false, isWritable: true },
    { pubkey: [PublicKey], isSigner: false, isWritable: true }
  ],
  programId: PublicKey {
    _bn: <BN: 479d51fa9cd4af6f7ab0ab06e482dc64c328daa59272abe2f4e9882575e0e78>
  },
  data: <Buffer bb c0 76 d4 3e 6d 1c d5 01 fd 06 04 00 00 00 00 00 00 00 00 00 00 00 00 00 00>
} TransactionInstruction {
  keys: [
    { pubkey: [PublicKey], isSigner: false, isWritable: false },
    { pubkey: [PublicKey], isSigner: false, isWritable: false },
    { pubkey: [PublicKey], isSigner: true, isWritable: true },
    { pubkey: [PublicKey], isSigner: false, isWritable: true },
    { pubkey: [PublicKey], isSigner: false, isWritable: true },
    { pubkey: [PublicKey], isSigner: false, isWritable: true },
    { pubkey: [PublicKey], isSigner: false, isWritable: true },
    { pubkey: [PublicKey], isSigner: false, isWritable: true },
    { pubkey: [PublicKey], isSigner: false, isWritable: true },
    { pubkey: [PublicKey], isSigner: false, isWritable: true },
    { pubkey: [PublicKey], isSigner: false, isWritable: true },
    { pubkey: [PublicKey], isSigner: false, isWritable: false },
    { pubkey: [PublicKey], isSigner: false, isWritable: true }
  ],
  programId: PublicKey {
    _bn: <BN: 479d51fa9cd4af6f7ab0ab06e482dc64c328daa59272abe2f4e9882575e0e78>
  },
  data: <Buffer 7b e5 b8 3f 0c 00 5c 91 00 91 d6 03 00 00 00 00 00 00 00>
} TransactionInstruction {
  keys: [
    { pubkey: [PublicKey], isSigner: true, isWritable: true },
    { pubkey: [PublicKey], isSigner: false, isWritable: true },
    { pubkey: [PublicKey], isSigner: true, isWritable: true },
    { pubkey: [PublicKey], isSigner: false, isWritable: false },
    { pubkey: [PublicKey], isSigner: false, isWritable: false },
    { pubkey: [PublicKey], isSigner: false, isWritable: false }
  ],
  programId: PublicKey {
    _bn: <BN: 8c97258f4e2489f1bb3d1029148e0d830b5a1399daff1084048e7bd8dbe9f859>
  },
  data: <Buffer >
} TransactionInstruction {
  keys: [
    { pubkey: [PublicKey], isSigner: false, isWritable: true },
    { pubkey: [PublicKey], isSigner: false, isWritable: true }
  ],
  programId: PublicKey {
    _bn: <BN: 479d51fa9cd4af6f7ab0ab06e482dc64c328daa59272abe2f4e9882575e0e78>
  },
  data: <Buffer e4 55 b9 70 4e 4f 4d 02>
} TransactionInstruction {
  keys: [
    { pubkey: [PublicKey], isSigner: false, isWritable: false },
    { pubkey: [PublicKey], isSigner: false, isWritable: false },
    { pubkey: [PublicKey], isSigner: false, isWritable: false },
    { pubkey: [PublicKey], isSigner: false, isWritable: false },
    { pubkey: [PublicKey], isSigner: true, isWritable: true },
    { pubkey: [PublicKey], isSigner: false, isWritable: true },
    { pubkey: [PublicKey], isSigner: false, isWritable: true },
    { pubkey: [PublicKey], isSigner: false, isWritable: true },
    { pubkey: [PublicKey], isSigner: false, isWritable: true },
    { pubkey: [PublicKey], isSigner: false, isWritable: true },
    { pubkey: [PublicKey], isSigner: false, isWritable: true }
  ],
  programId: PublicKey {
    _bn: <BN: 479d51fa9cd4af6f7ab0ab06e482dc64c328daa59272abe2f4e9882575e0e78>
  },
  data: <Buffer bb c0 76 d4 3e 6d 1c d5 01 47 0a 04 00 00 00 00 00 00 00 00 00 00 00 00 00 00>
} TransactionInstruction {
  keys: [
    { pubkey: [PublicKey], isSigner: false, isWritable: false },
    { pubkey: [PublicKey], isSigner: false, isWritable: false },
    { pubkey: [PublicKey], isSigner: true, isWritable: true },
    { pubkey: [PublicKey], isSigner: false, isWritable: true },
    { pubkey: [PublicKey], isSigner: false, isWritable: true },
    { pubkey: [PublicKey], isSigner: false, isWritable: true },
    { pubkey: [PublicKey], isSigner: false, isWritable: true },
    { pubkey: [PublicKey], isSigner: false, isWritable: true },
    { pubkey: [PublicKey], isSigner: false, isWritable: true },
    { pubkey: [PublicKey], isSigner: false, isWritable: true },
    { pubkey: [PublicKey], isSigner: false, isWritable: true },
    { pubkey: [PublicKey], isSigner: false, isWritable: false },
    { pubkey: [PublicKey], isSigner: false, isWritable: true }
  ],
  programId: PublicKey {
    _bn: <BN: 479d51fa9cd4af6f7ab0ab06e482dc64c328daa59272abe2f4e9882575e0e78>
  },
  data: <Buffer 7b e5 b8 3f 0c 00 5c 91 00 b1 d9 03 00 00 00 00 00 00 00>
} TransactionInstruction {
  keys: [
    { pubkey: [PublicKey], isSigner: false, isWritable: true },
    { pubkey: [PublicKey], isSigner: false, isWritable: true },
    { pubkey: [PublicKey], isSigner: false, isWritable: true },
    { pubkey: [PublicKey], isSigner: false, isWritable: true },
    { pubkey: [PublicKey], isSigner: false, isWritable: false },
    { pubkey: [PublicKey], isSigner: false, isWritable: false },
    { pubkey: [PublicKey], isSigner: true, isWritable: false },
    { pubkey: [PublicKey], isSigner: false, isWritable: false },
    { pubkey: [PublicKey], isSigner: false, isWritable: false }
  ],
  programId: PublicKey {
    _bn: <BN: 69b8b985aab532a45090de8557fcddcbe6cb7efc73a0a65b06f92035db73eec>
  },
  data: <Buffer 14 fd 06 04 00 00 00 00 00 00>
}
2ot4ka7kqh6XGskYg1FXn5owH2Bwq9AggsLmqRnrCUCZ
Error: Invalid public key input
    at new PublicKey (/workspace/notarb/node_modules/@solana/web3.js/lib/index.cjs.js:178:17)
    at file:///workspace/notarb/jupjup.mjs:403:52
    at processTicksAndRejections (node:internal/process/task_queues:96:5)
1.1566880149134948 initial, 0.10933037863614103% yield on badboi So11111111111111111111111111111111111111112 <-> EPjFWdd5AufqSSqeM2qN1xzybapC8G4wEGGkZwyTDt1v, time since last arb checked: 2.7049999237060547s, avg last 60 diffs: 2.7049999237060547, lendiffs: 1, lenbaddies: 62
So11111111111111111111111111111111111111112 <-> EPjFWdd5AufqSSqeM2qN1xzybapC8G4wEGGkZwyTDt1v@ 0.038687326: 0.1093%
TransactionInstruction {
  keys: [
    { pubkey: [PublicKey], isSigner: false, isWritable: true },
    { pubkey: [PublicKey], isSigner: false, isWritable: true },
    { pubkey: [PublicKey], isSigner: false, isWritable: true },
    { pubkey: [PublicKey], isSigner: false, isWritable: false },
    { pubkey: [PublicKey], isSigner: false, isWritable: false },
    { pubkey: [PublicKey], isSigner: false, isWritable: false },
    { pubkey: [PublicKey], isSigner: false, isWritable: false }
  ],
  programId: PublicKey {
    _bn: <BN: 69b8b985aab532a45090de8557fcddcbe6cb7efc73a0a65b06f92035db73eec>
  },
  data: <Buffer 13 5e 52 4e 02 00 00 00 00>
} TransactionInstruction {
  keys: [
    { pubkey: [PublicKey], isSigner: true, isWritable: true },
    { pubkey: [PublicKey], isSigner: false, isWritable: true },
    { pubkey: [PublicKey], isSigner: true, isWritable: true },
    { pubkey: [PublicKey], isSigner: false, isWritable: false },
    { pubkey: [PublicKey], isSigner: false, isWritable: false },
    { pubkey: [PublicKey], isSigner: false, isWritable: false }
  ],
  programId: PublicKey {
    _bn: <BN: 8c97258f4e2489f1bb3d1029148e0d830b5a1399daff1084048e7bd8dbe9f859>
  },
  data: <Buffer >
} TransactionInstruction {
  keys: [
    { pubkey: [PublicKey], isSigner: false, isWritable: true },
    { pubkey: [PublicKey], isSigner: false, isWritable: true }
  ],
  programId: PublicKey {
    _bn: <BN: 479d51fa9cd4af6f7ab0ab06e482dc64c328daa59272abe2f4e9882575e0e78>
  },
  data: <Buffer e4 55 b9 70 4e 4f 4d 02>
} TransactionInstruction {
  keys: [
    { pubkey: [PublicKey], isSigner: false, isWritable: false },
    { pubkey: [PublicKey], isSigner: false, isWritable: false },
    { pubkey: [PublicKey], isSigner: false, isWritable: true },
    { pubkey: [PublicKey], isSigner: false, isWritable: false },
    { pubkey: [PublicKey], isSigner: false, isWritable: true },
    { pubkey: [PublicKey], isSigner: false, isWritable: true },
    { pubkey: [PublicKey], isSigner: false, isWritable: true },
    { pubkey: [PublicKey], isSigner: false, isWritable: false },
    { pubkey: [PublicKey], isSigner: false, isWritable: true },
    { pubkey: [PublicKey], isSigner: false, isWritable: true },
    { pubkey: [PublicKey], isSigner: false, isWritable: true },
    { pubkey: [PublicKey], isSigner: false, isWritable: true },
    { pubkey: [PublicKey], isSigner: false, isWritable: true },
    { pubkey: [PublicKey], isSigner: false, isWritable: true },
    { pubkey: [PublicKey], isSigner: false, isWritable: false },
    { pubkey: [PublicKey], isSigner: false, isWritable: true },
    { pubkey: [PublicKey], isSigner: false, isWritable: true },
    { pubkey: [PublicKey], isSigner: true, isWritable: true }
  ],
  programId: PublicKey {
    _bn: <BN: 479d51fa9cd4af6f7ab0ab06e482dc64c328daa59272abe2f4e9882575e0e78>
  },
  data: <Buffer 45 e3 62 5d ed ca df 8c 01 5e 52 4e 02 00 00 00 00 00 00 00 00 00 00 00 00 00>
} TransactionInstruction {
  keys: [
    { pubkey: [PublicKey], isSigner: false, isWritable: false },
    { pubkey: [PublicKey], isSigner: false, isWritable: false },
    { pubkey: [PublicKey], isSigner: false, isWritable: true },
    { pubkey: [PublicKey], isSigner: false, isWritable: false },
    { pubkey: [PublicKey], isSigner: false, isWritable: true },
    { pubkey: [PublicKey], isSigner: false, isWritable: true },
    { pubkey: [PublicKey], isSigner: false, isWritable: true },
    { pubkey: [PublicKey], isSigner: false, isWritable: false },
    { pubkey: [PublicKey], isSigner: false, isWritable: true },
    { pubkey: [PublicKey], isSigner: false, isWritable: true },
    { pubkey: [PublicKey], isSigner: false, isWritable: true },
    { pubkey: [PublicKey], isSigner: false, isWritable: true },
    { pubkey: [PublicKey], isSigner: false, isWritable: true },
    { pubkey: [PublicKey], isSigner: false, isWritable: true },
    { pubkey: [PublicKey], isSigner: false, isWritable: false },
    { pubkey: [PublicKey], isSigner: false, isWritable: true },
    { pubkey: [PublicKey], isSigner: false, isWritable: true },
    { pubkey: [PublicKey], isSigner: true, isWritable: true },
    { pubkey: [PublicKey], isSigner: false, isWritable: true }
  ],
  programId: PublicKey {
    _bn: <BN: 479d51fa9cd4af6f7ab0ab06e482dc64c328daa59272abe2f4e9882575e0e78>
  },
  data: <Buffer 45 e3 62 5d ed ca df 8c 00 c3 c8 10 00 00 00 00 00 00>
} TransactionInstruction {
  keys: [
    { pubkey: [PublicKey], isSigner: false, isWritable: true },
    { pubkey: [PublicKey], isSigner: false, isWritable: true }
  ],
  programId: PublicKey {
    _bn: <BN: 479d51fa9cd4af6f7ab0ab06e482dc64c328daa59272abe2f4e9882575e0e78>
  },
  data: <Buffer e4 55 b9 70 4e 4f 4d 02>
} TransactionInstruction {
  keys: [
    { pubkey: [PublicKey], isSigner: false, isWritable: false },
    { pubkey: [PublicKey], isSigner: true, isWritable: true },
    { pubkey: [PublicKey], isSigner: false, isWritable: false },
    { pubkey: [PublicKey], isSigner: false, isWritable: true },
    { pubkey: [PublicKey], isSigner: false, isWritable: true },
    { pubkey: [PublicKey], isSigner: false, isWritable: true },
    { pubkey: [PublicKey], isSigner: false, isWritable: true },
    { pubkey: [PublicKey], isSigner: false, isWritable: true },
    { pubkey: [PublicKey], isSigner: false, isWritable: true },
    { pubkey: [PublicKey], isSigner: false, isWritable: false },
    { pubkey: [PublicKey], isSigner: false, isWritable: false },
    { pubkey: [PublicKey], isSigner: false, isWritable: false },
    { pubkey: [PublicKey], isSigner: false, isWritable: true }
  ],
  programId: PublicKey {
    _bn: <BN: 479d51fa9cd4af6f7ab0ab06e482dc64c328daa59272abe2f4e9882575e0e78>
  },
  data: <Buffer 26 f1 15 6b 78 3b b8 f9 01 9d e6 0f 00 00 00 00 00 00 00 00 00 00 00 00 00 00>
} TransactionInstruction {
  keys: [
    { pubkey: [PublicKey], isSigner: false, isWritable: false },
    { pubkey: [PublicKey], isSigner: false, isWritable: false },
    { pubkey: [PublicKey], isSigner: false, isWritable: false },
    { pubkey: [PublicKey], isSigner: true, isWritable: true },
    { pubkey: [PublicKey], isSigner: false, isWritable: true },
    { pubkey: [PublicKey], isSigner: false, isWritable: true },
    { pubkey: [PublicKey], isSigner: false, isWritable: true },
    { pubkey: [PublicKey], isSigner: false, isWritable: true },
    { pubkey: [PublicKey], isSigner: false, isWritable: true },
    { pubkey: [PublicKey], isSigner: false, isWritable: true },
    { pubkey: [PublicKey], isSigner: false, isWritable: false },
    { pubkey: [PublicKey], isSigner: false, isWritable: false },
    { pubkey: [PublicKey], isSigner: false, isWritable: false },
    { pubkey: [PublicKey], isSigner: false, isWritable: true }
  ],
  programId: PublicKey {
    _bn: <BN: 479d51fa9cd4af6f7ab0ab06e482dc64c328daa59272abe2f4e9882575e0e78>
  },
  data: <Buffer 00 31 f6 01 24 99 0b 5d 01 4b c4 01 00 00 00 00 00 00 00 00 00 00 00 00 00 00>
} TransactionInstruction {
  keys: [
    { pubkey: [PublicKey], isSigner: false, isWritable: true },
    { pubkey: [PublicKey], isSigner: false, isWritable: true },
    { pubkey: [PublicKey], isSigner: true, isWritable: true },
    { pubkey: [PublicKey], isSigner: false, isWritable: false }
  ],
  programId: PublicKey {
    _bn: <BN: 479d51fa9cd4af6f7ab0ab06e482dc64c328daa59272abe2f4e9882575e0e78>
  },
  data: <Buffer 51 2a b3 98 dd 01 b5 78 36 6b 31 02 00 00 00 00 00>
} TransactionInstruction {
  keys: [
    { pubkey: [PublicKey], isSigner: false, isWritable: true },
    { pubkey: [PublicKey], isSigner: false, isWritable: true },
    { pubkey: [PublicKey], isSigner: false, isWritable: true },
    { pubkey: [PublicKey], isSigner: false, isWritable: true },
    { pubkey: [PublicKey], isSigner: false, isWritable: false },
    { pubkey: [PublicKey], isSigner: false, isWritable: false },
    { pubkey: [PublicKey], isSigner: true, isWritable: false },
    { pubkey: [PublicKey], isSigner: false, isWritable: false },
    { pubkey: [PublicKey], isSigner: false, isWritable: false }
  ],
  programId: PublicKey {
    _bn: <BN: 69b8b985aab532a45090de8557fcddcbe6cb7efc73a0a65b06f92035db73eec>
  },
  data: <Buffer 14 5e 52 4e 02 00 00 00 00 00>
}
2f1QXVX2yg9AgQoiw4unjL4WKRWxAxSDyZBbXZg4ZPm3
Error: Invalid public key input
    at new PublicKey (/workspace/notarb/node_modules/@solana/web3.js/lib/index.cjs.js:178:17)
    at file:///workspace/notarb/jupjup.mjs:403:52
    at processTicksAndRejections (node:internal/process/task_queues:96:5)
6.408230651849999 initial, 0.024418008729876206% yield on badboi 5oVNBeEEQvYi1cX3ir8Dx5n1P7pdxydbGF2X4TxVusJm <-> EPjFWdd5AufqSSqeM2qN1xzybapC8G4wEGGkZwyTDt1v, time since last arb checked: 3.876999855041504s, avg last 60 diffs: 3.876999855041504, lendiffs: 1, lenbaddies: 62
0.030790738579449202 initial, -0.04576295498376348% yield on badboi APTtJyaRX5yGTsJU522N4VYWg3vCvSb65eam5GrPT5Rt <-> EPjFWdd5AufqSSqeM2qN1xzybapC8G4wEGGkZwyTDt1v, time since last arb checked: 2.0359997749328613s, avg last 60 diffs: 2.68149995803833, lendiffs: 2, lenbaddies: 62
EPjFWdd5AufqSSqeM2qN1xzybapC8G4wEGGkZwyTDt1v <-> EPjFWdd5AufqSSqeM2qN1xzybapC8G4wEGGkZwyTDt1v@ 0.14675: 0.9131%
TransactionInstruction {
  keys: [
    { pubkey: [PublicKey], isSigner: false, isWritable: true },
    { pubkey: [PublicKey], isSigner: false, isWritable: true },
    { pubkey: [PublicKey], isSigner: false, isWritable: true },
    { pubkey: [PublicKey], isSigner: false, isWritable: false },
    { pubkey: [PublicKey], isSigner: false, isWritable: false },
    { pubkey: [PublicKey], isSigner: false, isWritable: false },
    { pubkey: [PublicKey], isSigner: false, isWritable: false }
  ],
  programId: PublicKey {
    _bn: <BN: 69b8b985aab532a45090de8557fcddcbe6cb7efc73a0a65b06f92035db73eec>
  },
  data: <Buffer 13 3e 3d 02 00 00 00 00 00>
} TransactionInstruction {
  keys: [
    { pubkey: [PublicKey], isSigner: true, isWritable: true },
    { pubkey: [PublicKey], isSigner: false, isWritable: true },
    { pubkey: [PublicKey], isSigner: true, isWritable: true },
    { pubkey: [PublicKey], isSigner: false, isWritable: false },
    { pubkey: [PublicKey], isSigner: false, isWritable: false },
    { pubkey: [PublicKey], isSigner: false, isWritable: false }
  ],
  programId: PublicKey {
    _bn: <BN: 8c97258f4e2489f1bb3d1029148e0d830b5a1399daff1084048e7bd8dbe9f859>
  },
  data: <Buffer >
} TransactionInstruction {
  keys: [
    { pubkey: [PublicKey], isSigner: false, isWritable: true },
    { pubkey: [PublicKey], isSigner: false, isWritable: true }
  ],
  programId: PublicKey {
    _bn: <BN: 479d51fa9cd4af6f7ab0ab06e482dc64c328daa59272abe2f4e9882575e0e78>
  },
  data: <Buffer e4 55 b9 70 4e 4f 4d 02>
} TransactionInstruction {
  keys: [
    { pubkey: [PublicKey], isSigner: false, isWritable: false },
    { pubkey: [PublicKey], isSigner: false, isWritable: false },
    { pubkey: [PublicKey], isSigner: false, isWritable: false },
    { pubkey: [PublicKey], isSigner: false, isWritable: false },
    { pubkey: [PublicKey], isSigner: true, isWritable: true },
    { pubkey: [PublicKey], isSigner: false, isWritable: true },
    { pubkey: [PublicKey], isSigner: false, isWritable: true },
    { pubkey: [PublicKey], isSigner: false, isWritable: true },
    { pubkey: [PublicKey], isSigner: false, isWritable: true },
    { pubkey: [PublicKey], isSigner: false, isWritable: true },
    { pubkey: [PublicKey], isSigner: false, isWritable: true }
  ],
  programId: PublicKey {
    _bn: <BN: 479d51fa9cd4af6f7ab0ab06e482dc64c328daa59272abe2f4e9882575e0e78>
  },
  data: <Buffer bb c0 76 d4 3e 6d 1c d5 01 db 3f 02 00 00 00 00 00 00 00 00 00 00 00 00 00 00>
} TransactionInstruction {
  keys: [
    { pubkey: [PublicKey], isSigner: false, isWritable: false },
    { pubkey: [PublicKey], isSigner: false, isWritable: false },
    { pubkey: [PublicKey], isSigner: true, isWritable: true },
    { pubkey: [PublicKey], isSigner: false, isWritable: true },
    { pubkey: [PublicKey], isSigner: false, isWritable: true },
    { pubkey: [PublicKey], isSigner: false, isWritable: true },
    { pubkey: [PublicKey], isSigner: false, isWritable: true },
    { pubkey: [PublicKey], isSigner: false, isWritable: true },
    { pubkey: [PublicKey], isSigner: false, isWritable: true },
    { pubkey: [PublicKey], isSigner: false, isWritable: true },
    { pubkey: [PublicKey], isSigner: false, isWritable: true },
    { pubkey: [PublicKey], isSigner: false, isWritable: false },
    { pubkey: [PublicKey], isSigner: false, isWritable: true }
  ],
  programId: PublicKey {
    _bn: <BN: 479d51fa9cd4af6f7ab0ab06e482dc64c328daa59272abe2f4e9882575e0e78>
  },
  data: <Buffer 7b e5 b8 3f 0c 00 5c 91 00 8e 25 02 00 00 00 00 00 00 00>
} TransactionInstruction {
  keys: [
    { pubkey: [PublicKey], isSigner: true, isWritable: true },
    { pubkey: [PublicKey], isSigner: false, isWritable: true },
    { pubkey: [PublicKey], isSigner: true, isWritable: true },
    { pubkey: [PublicKey], isSigner: false, isWritable: false },
    { pubkey: [PublicKey], isSigner: false, isWritable: false },
    { pubkey: [PublicKey], isSigner: false, isWritable: false }
  ],
  programId: PublicKey {
    _bn: <BN: 8c97258f4e2489f1bb3d1029148e0d830b5a1399daff1084048e7bd8dbe9f859>
  },
  data: <Buffer >
} TransactionInstruction {
  keys: [
    { pubkey: [PublicKey], isSigner: false, isWritable: true },
    { pubkey: [PublicKey], isSigner: false, isWritable: true }
  ],
  programId: PublicKey {
    _bn: <BN: 479d51fa9cd4af6f7ab0ab06e482dc64c328daa59272abe2f4e9882575e0e78>
  },
  data: <Buffer e4 55 b9 70 4e 4f 4d 02>
} TransactionInstruction {
  keys: [
    { pubkey: [PublicKey], isSigner: false, isWritable: false },
    { pubkey: [PublicKey], isSigner: false, isWritable: false },
    { pubkey: [PublicKey], isSigner: false, isWritable: false },
    { pubkey: [PublicKey], isSigner: false, isWritable: false },
    { pubkey: [PublicKey], isSigner: true, isWritable: true },
    { pubkey: [PublicKey], isSigner: false, isWritable: true },
    { pubkey: [PublicKey], isSigner: false, isWritable: true },
    { pubkey: [PublicKey], isSigner: false, isWritable: true },
    { pubkey: [PublicKey], isSigner: false, isWritable: true },
    { pubkey: [PublicKey], isSigner: false, isWritable: true },
    { pubkey: [PublicKey], isSigner: false, isWritable: true }
  ],
  programId: PublicKey {
    _bn: <BN: 479d51fa9cd4af6f7ab0ab06e482dc64c328daa59272abe2f4e9882575e0e78>
  },
  data: <Buffer bb c0 76 d4 3e 6d 1c d5 01 3e 3d 02 00 00 00 00 00 00 00 00 00 00 00 00 00 00>
} TransactionInstruction {
  keys: [
    { pubkey: [PublicKey], isSigner: false, isWritable: false },
    { pubkey: [PublicKey], isSigner: false, isWritable: false },
    { pubkey: [PublicKey], isSigner: true, isWritable: true },
    { pubkey: [PublicKey], isSigner: false, isWritable: true },
    { pubkey: [PublicKey], isSigner: false, isWritable: true },
    { pubkey: [PublicKey], isSigner: false, isWritable: true },
    { pubkey: [PublicKey], isSigner: false, isWritable: true },
    { pubkey: [PublicKey], isSigner: false, isWritable: true },
    { pubkey: [PublicKey], isSigner: false, isWritable: true },
    { pubkey: [PublicKey], isSigner: false, isWritable: true },
    { pubkey: [PublicKey], isSigner: false, isWritable: true },
    { pubkey: [PublicKey], isSigner: false, isWritable: false },
    { pubkey: [PublicKey], isSigner: false, isWritable: true }
  ],
  programId: PublicKey {
    _bn: <BN: 479d51fa9cd4af6f7ab0ab06e482dc64c328daa59272abe2f4e9882575e0e78>
  },
  data: <Buffer 7b e5 b8 3f 0c 00 5c 91 00 11 23 02 00 00 00 00 00 00 00>
} TransactionInstruction {
  keys: [
    { pubkey: [PublicKey], isSigner: false, isWritable: true },
    { pubkey: [PublicKey], isSigner: false, isWritable: true },
    { pubkey: [PublicKey], isSigner: false, isWritable: true },
    { pubkey: [PublicKey], isSigner: false, isWritable: true },
    { pubkey: [PublicKey], isSigner: false, isWritable: false },
    { pubkey: [PublicKey], isSigner: false, isWritable: false },
    { pubkey: [PublicKey], isSigner: true, isWritable: false },
    { pubkey: [PublicKey], isSigner: false, isWritable: false },
    { pubkey: [PublicKey], isSigner: false, isWritable: false }
  ],
  programId: PublicKey {
    _bn: <BN: 69b8b985aab532a45090de8557fcddcbe6cb7efc73a0a65b06f92035db73eec>
  },
  data: <Buffer 14 3e 3d 02 00 00 00 00 00 00>
}
BgBBbNB9LiZ2QJrgZ5aBvkthgRhY9RTCDmwAsfQizGJF
Error: Invalid public key input
    at new PublicKey (/workspace/notarb/node_modules/@solana/web3.js/lib/index.cjs.js:178:17)
    at file:///workspace/notarb/jupjup.mjs:403:52
    at processTicksAndRejections (node:internal/process/task_queues:96:5)
4.928559866290921 initial, -0.4635005159101646% yield on badboi orcaEKTdK7LKz57vaAYr9QeNsVEPfiu6QeMU1kektZE <-> Es9vMFrzaCERmJfrF4H2FYD4KCoNkY11McCe8BenwNYB, time since last arb checked: 13.192999839782715s, avg last 60 diffs: 13.192999839782715, lendiffs: 1, lenbaddies: 64
6.88161768291472 initial, -0.4882621253171515% yield on badboi orcaEKTdK7LKz57vaAYr9QeNsVEPfiu6QeMU1kektZE <-> EPjFWdd5AufqSSqeM2qN1xzybapC8G4wEGGkZwyTDt1v, time since last arb checked: 1.999000072479248s, avg last 60 diffs: 7.5959999561309814, lendiffs: 2, lenbaddies: 64
4.5695371080012 initial, -0.48580806894705786% yield on badboi orcaEKTdK7LKz57vaAYr9QeNsVEPfiu6QeMU1kektZE <-> EPjFWdd5AufqSSqeM2qN1xzybapC8G4wEGGkZwyTDt1v, time since last arb checked: 7.001999855041504s, avg last 60 diffs: 7.397999922434489, lendiffs: 3, lenbaddies: 65
Process 13223 received a SIGTERM signal
Process 13222 received a SIGTERM signal
Process 13225 received a SIGTERM signal
Process 13226 received a SIGTERM signal
Process 13228 received a SIGTERM signal
Process 13224 received a SIGTERM signal
Process 13233 received a SIGTERM signal
Process 13230 received a SIGTERM signal
Process 13235 received a SIGTERM signal
Process 13260 received a SIGTERM signal
Process 13236 received a SIGTERM signal
Process 13262 received a SIGTERM signal
Process 13269 received a SIGTERM signal
Process 13267 received a SIGTERM signal
Process 13234 received a SIGTERM signal
Process 13237 received a SIGTERM signal
Process 13227 received a SIGTERM signal
Process 13268 received a SIGTERM signal
Process 13261 received a SIGTERM signal
Process 13231 received a SIGTERM signal
Process 13244 received a SIGTERM signal
Process 13270 received a SIGTERM signal
Process 13232 received a SIGTERM signal
Process 13229 received a SIGTERM signal
